#
# There is insufficient memory for the Java Runtime Environment to continue.
# Native memory allocation (malloc) failed to allocate 65552 bytes for Chunk::new
# Possible reasons:
#   The system is out of physical RAM or swap space
#   In 32 bit mode, the process size limit was hit
# Possible solutions:
#   Reduce memory load on the system
#   Increase physical memory or swap space
#   Check if swap backing store is full
#   Use 64 bit Java on a 64 bit OS
#   Decrease Java heap size (-Xmx/-Xms)
#   Decrease number of Java threads
#   Decrease Java thread stack sizes (-Xss)
#   Set larger code cache with -XX:ReservedCodeCacheSize=
# This output file may be truncated or incomplete.
#
#  Out of Memory Error (allocation.cpp:390), pid=17744, tid=0x0000000000003f0c
#
# JRE version: Java(TM) SE Runtime Environment (8.0_161-b12) (build 1.8.0_161-b12)
# Java VM: Java HotSpot(TM) 64-Bit Server VM (25.161-b12 mixed mode windows-amd64 compressed oops)
# Failed to write core dump. Minidumps are not enabled by default on client versions of Windows
#

---------------  T H R E A D  ---------------

Current thread (0x0000000019e42800):  JavaThread "C2 CompilerThread1" daemon [_thread_in_native, id=16140, stack(0x000000001bf20000,0x000000001c020000)]

Stack: [0x000000001bf20000,0x000000001c020000]
[error occurred during error reporting (printing stack bounds), id 0xc0000005]

Native frames: (J=compiled Java code, j=interpreted, Vv=VM code, C=native code)


Current CompileTask:
C2:   4319 1173   !   4       javax.swing.text.FieldView::getPreferredSpan (156 bytes)


---------------  P R O C E S S  ---------------

Java Threads: ( => current thread )
  0x000000001ca04800 JavaThread "TimerQueue" daemon [_thread_blocked, id=3236, stack(0x000000001f810000,0x000000001f910000)]
  0x0000000005212800 JavaThread "DestroyJavaVM" [_thread_blocked, id=21524, stack(0x0000000005050000,0x0000000005150000)]
  0x000000001c579000 JavaThread "Image Fetcher 2" daemon [_thread_blocked, id=13804, stack(0x000000001db40000,0x000000001dc40000)]
  0x000000001c57a000 JavaThread "Image Fetcher 1" daemon [_thread_blocked, id=17896, stack(0x000000001da40000,0x000000001db40000)]
  0x000000001c56b000 JavaThread "Image Fetcher 0" daemon [_thread_blocked, id=2136, stack(0x000000001d940000,0x000000001da40000)]
  0x000000001c563800 JavaThread "AWT-EventQueue-0" [_thread_in_vm_trans, id=5072, stack(0x000000001d840000,0x000000001d940000)]
  0x000000001c559000 JavaThread "Image Fetcher 3" daemon [_thread_blocked, id=18164, stack(0x000000001d740000,0x000000001d840000)]
  0x000000001c36b800 JavaThread "AWT-Windows" daemon [_thread_in_native, id=20940, stack(0x000000001cd20000,0x000000001ce20000)]
  0x000000001c3c4800 JavaThread "AWT-Shutdown" [_thread_blocked, id=1000, stack(0x000000001cc20000,0x000000001cd20000)]
  0x000000001c3c4000 JavaThread "Java2D Disposer" daemon [_thread_blocked, id=7072, stack(0x000000001cb20000,0x000000001cc20000)]
  0x000000001b1fd800 JavaThread "Service Thread" daemon [_thread_blocked, id=15564, stack(0x000000001c120000,0x000000001c220000)]
  0x0000000019e4e800 JavaThread "C1 CompilerThread2" daemon [_thread_blocked, id=22432, stack(0x000000001c020000,0x000000001c120000)]
=>0x0000000019e42800 JavaThread "C2 CompilerThread1" daemon [_thread_in_native, id=16140, stack(0x000000001bf20000,0x000000001c020000)]
  0x0000000019e3e800 JavaThread "C2 CompilerThread0" daemon [_thread_in_native, id=20376, stack(0x000000001be20000,0x000000001bf20000)]
  0x0000000019e30800 JavaThread "JDWP Command Reader" daemon [_thread_in_native, id=4172, stack(0x000000001bd20000,0x000000001be20000)]
  0x0000000019e2f000 JavaThread "JDWP Event Helper Thread" daemon [_thread_blocked, id=6468, stack(0x000000001bc20000,0x000000001bd20000)]
  0x0000000019e22800 JavaThread "JDWP Transport Listener: dt_socket" daemon [_thread_blocked, id=4564, stack(0x000000001b770000,0x000000001b870000)]
  0x000000001b1a3800 JavaThread "Attach Listener" daemon [_thread_blocked, id=15908, stack(0x000000001b660000,0x000000001b760000)]
  0x000000001b1a2800 JavaThread "Signal Dispatcher" daemon [_thread_blocked, id=16228, stack(0x000000001b560000,0x000000001b660000)]
  0x0000000019dea800 JavaThread "Finalizer" daemon [_thread_blocked, id=1336, stack(0x000000001b060000,0x000000001b160000)]
  0x0000000005301000 JavaThread "Reference Handler" daemon [_thread_blocked, id=17096, stack(0x000000001af60000,0x000000001b060000)]

Other Threads:
  0x0000000019dc8000 VMThread [stack: 0x000000001ae60000,0x000000001af60000] [id=17032]
  0x000000001b200000 WatcherThread [stack: 0x000000001c220000,0x000000001c320000] [id=16656]

VM state:not at safepoint (normal execution)

VM Mutex/Monitor currently owned by a thread: None

Heap:
 PSYoungGen      total 37888K, used 24603K [0x00000000d6000000, 0x00000000d8a00000, 0x0000000100000000)
  eden space 32768K, 75% used [0x00000000d6000000,0x00000000d7806ed0,0x00000000d8000000)
  from space 5120K, 0% used [0x00000000d8500000,0x00000000d8500000,0x00000000d8a00000)
  to   space 5120K, 0% used [0x00000000d8000000,0x00000000d8000000,0x00000000d8500000)
 ParOldGen       total 86016K, used 0K [0x0000000082000000, 0x0000000087400000, 0x00000000d6000000)
  object space 86016K, 0% used [0x0000000082000000,0x0000000082000000,0x0000000087400000)
 Metaspace       used 12214K, capacity 12426K, committed 12672K, reserved 1060864K
  class space    used 1539K, capacity 1618K, committed 1664K, reserved 1048576K

Card table byte_map: [0x00000000146d0000,0x0000000014ad0000] byte_map_base: 0x00000000142c0000

Marking Bits: (ParMarkBitMap*) 0x0000000065cff860
 Begin Bits: [0x0000000015170000, 0x00000000170f0000)
 End Bits:   [0x00000000170f0000, 0x0000000019070000)

Polling page: 0x00000000034e0000

CodeCache: size=245760Kb used=4066Kb max_used=4075Kb free=241693Kb
 bounds [0x0000000005310000, 0x0000000005710000, 0x0000000014310000]
 total_blobs=1661 nmethods=1171 adapters=410
 compilation: enabled

Compilation events (10 events):
Event: 4.268 Thread 0x0000000019e42800 nmethod 1168 0x0000000005706410 code [0x0000000005706560, 0x0000000005706638]
Event: 4.288 Thread 0x0000000019e42800 1169       4       java.util.ArrayList::remove (69 bytes)
Event: 4.289 Thread 0x0000000019e42800 nmethod 1169 0x0000000005709d10 code [0x0000000005709e60, 0x0000000005709fd8]
Event: 4.298 Thread 0x0000000019e42800 1170       4       javax.swing.text.GapContent::getChars (209 bytes)
Event: 4.300 Thread 0x0000000019e42800 nmethod 1170 0x000000000570c010 code [0x000000000570c160, 0x000000000570c3b8]
Event: 4.300 Thread 0x0000000019e42800 1171   !   4       javax.swing.text.SegmentCache::getSegment (55 bytes)
Event: 4.302 Thread 0x0000000019e42800 nmethod 1171 0x000000000570b810 code [0x000000000570b960, 0x000000000570bcf8]
Event: 4.304 Thread 0x0000000019e42800 1172       4       sun.font.FontDesignMetrics::charsWidth (201 bytes)
Event: 4.307 Thread 0x0000000019e42800 nmethod 1172 0x0000000005703250 code [0x00000000057033e0, 0x0000000005703878]
Event: 4.307 Thread 0x0000000019e42800 1173   !   4       javax.swing.text.FieldView::getPreferredSpan (156 bytes)

GC Heap History (0 events):
No events

Deoptimization events (10 events):
Event: 0.805 Thread 0x0000000005212800 Uncommon trap: reason=class_check action=maybe_recompile pc=0x0000000005574328 method=java.util.HashMap.putVal(ILjava/lang/Object;Ljava/lang/Object;ZZ)Ljava/lang/Object; @ 203
Event: 0.828 Thread 0x0000000005212800 Uncommon trap: reason=unstable_if action=reinterpret pc=0x00000000055dd710 method=java.lang.Character.isSurrogate(C)Z @ 3
Event: 0.828 Thread 0x0000000005212800 Uncommon trap: reason=unstable_if action=reinterpret pc=0x000000000553a784 method=java.lang.String.toLowerCase(Ljava/util/Locale;)Ljava/lang/String; @ 37
Event: 0.923 Thread 0x0000000005212800 Uncommon trap: reason=unstable_if action=reinterpret pc=0x00000000055c853c method=sun.font.TrueTypeFont.getDirectoryEntry(I)Lsun/font/TrueTypeFont$DirectoryEntry; @ 7
Event: 2.141 Thread 0x000000001c563800 Uncommon trap: reason=class_check action=maybe_recompile pc=0x0000000005429ad0 method=java.lang.String.equals(Ljava/lang/Object;)Z @ 8
Event: 2.141 Thread 0x000000001c563800 Uncommon trap: reason=class_check action=maybe_recompile pc=0x0000000005429ad0 method=java.lang.String.equals(Ljava/lang/Object;)Z @ 8
Event: 2.141 Thread 0x000000001c563800 Uncommon trap: reason=class_check action=maybe_recompile pc=0x0000000005429ad0 method=java.lang.String.equals(Ljava/lang/Object;)Z @ 8
Event: 2.861 Thread 0x000000001c563800 Uncommon trap: reason=class_check action=maybe_recompile pc=0x0000000005429ad0 method=java.lang.String.equals(Ljava/lang/Object;)Z @ 8
Event: 3.676 Thread 0x000000001c563800 Uncommon trap: reason=unstable_if action=reinterpret pc=0x00000000055c601c method=java.lang.ThreadLocal$ThreadLocalMap.getEntry(Ljava/lang/ThreadLocal;)Ljava/lang/ThreadLocal$ThreadLocalMap$Entry; @ 21
Event: 3.676 Thread 0x000000001c563800 Uncommon trap: reason=unstable_if action=reinterpret pc=0x000000000561c0a0 method=sun.nio.ch.Util$BufferCache.get(I)Ljava/nio/ByteBuffer; @ 47

Classes redefined (0 events):
No events

Internal exceptions (10 events):
Event: 0.252 Thread 0x0000000005212800 Exception <a 'java/security/PrivilegedActionException'> (0x00000000d6111928) thrown at [C:\re\workspace\8-2-build-windows-amd64-cygwin\jdk8u161\10277\hotspot\src\share\vm\prims\jvm.cpp, line 1390]
Event: 0.260 Thread 0x0000000005212800 Exception <a 'java/io/FileNotFoundException'> (0x00000000d6126598) thrown at [C:\re\workspace\8-2-build-windows-amd64-cygwin\jdk8u161\10277\hotspot\src\share\vm\prims\jni.cpp, line 709]
Event: 0.290 Thread 0x0000000005212800 Exception <a 'java/lang/NoSuchFieldError': method resolution failed> (0x00000000d633e990) thrown at [C:\re\workspace\8-2-build-windows-amd64-cygwin\jdk8u161\10277\hotspot\src\share\vm\prims\methodHandles.cpp, line 1167]
Event: 0.293 Thread 0x0000000005212800 Exception <a 'java/lang/NoSuchFieldError': method resolution failed> (0x00000000d634bd60) thrown at [C:\re\workspace\8-2-build-windows-amd64-cygwin\jdk8u161\10277\hotspot\src\share\vm\prims\methodHandles.cpp, line 1167]
Event: 0.356 Thread 0x0000000005212800 Exception <a 'java/io/FileNotFoundException'> (0x00000000d6432cd0) thrown at [C:\re\workspace\8-2-build-windows-amd64-cygwin\jdk8u161\10277\hotspot\src\share\vm\prims\jni.cpp, line 709]
Event: 0.414 Thread 0x0000000005212800 Exception <a 'java/io/FileNotFoundException'> (0x00000000d6558758) thrown at [C:\re\workspace\8-2-build-windows-amd64-cygwin\jdk8u161\10277\hotspot\src\share\vm\prims\jni.cpp, line 709]
Event: 0.414 Thread 0x0000000005212800 Exception <a 'java/lang/NullPointerException'> (0x00000000d6558d90) thrown at [C:\re\workspace\8-2-build-windows-amd64-cygwin\jdk8u161\10277\hotspot\src\share\vm\interpreter\linkResolver.cpp, line 1185]
Event: 0.553 Thread 0x0000000005212800 Exception <a 'java/io/FileNotFoundException'> (0x00000000d68a0468) thrown at [C:\re\workspace\8-2-build-windows-amd64-cygwin\jdk8u161\10277\hotspot\src\share\vm\prims\jni.cpp, line 709]
Event: 0.564 Thread 0x0000000005212800 Exception <a 'java/io/FileNotFoundException'> (0x00000000d68d5ee0) thrown at [C:\re\workspace\8-2-build-windows-amd64-cygwin\jdk8u161\10277\hotspot\src\share\vm\prims\jni.cpp, line 709]
Event: 3.676 Thread 0x000000001c563800 Implicit null exception at 0x00000000055c5f00 to 0x00000000055c5ff1

Events (10 events):
Event: 3.997 loading class java/awt/geom/LineIterator
Event: 3.997 loading class java/awt/geom/PathIterator
Event: 3.997 loading class java/awt/geom/PathIterator done
Event: 3.997 loading class java/awt/geom/LineIterator done
Event: 3.997 loading class java/lang/StrictMath
Event: 3.998 loading class java/lang/StrictMath done
Event: 4.223 Executing VM operation: EnableBiasedLocking
Event: 4.223 Executing VM operation: EnableBiasedLocking done
Event: 4.308 loading class java/security/DomainCombiner
Event: 4.308 loading class java/security/DomainCombiner done


Dynamic libraries:
0x00007ff747800000 - 0x00007ff747837000 	C:\Program Files\Java\jre1.8.0_161\bin\javaw.exe
0x00007ffa96d80000 - 0x00007ffa96f60000 	C:\WINDOWS\SYSTEM32\ntdll.dll
0x00007ffa95850000 - 0x00007ffa958fe000 	C:\WINDOWS\System32\KERNEL32.DLL
0x00007ffa93040000 - 0x00007ffa932a6000 	C:\WINDOWS\System32\KERNELBASE.dll
0x00007ffa940a0000 - 0x00007ffa94141000 	C:\WINDOWS\System32\ADVAPI32.dll
0x00007ffa94150000 - 0x00007ffa941ed000 	C:\WINDOWS\System32\msvcrt.dll
0x00007ffa969f0000 - 0x00007ffa96a4b000 	C:\WINDOWS\System32\sechost.dll
0x00007ffa942d0000 - 0x00007ffa943ef000 	C:\WINDOWS\System32\RPCRT4.dll
0x00007ffa96bc0000 - 0x00007ffa96d4f000 	C:\WINDOWS\System32\USER32.dll
0x00007ffa93480000 - 0x00007ffa934a0000 	C:\WINDOWS\System32\win32u.dll
0x00007ffa96140000 - 0x00007ffa96168000 	C:\WINDOWS\System32\GDI32.dll
0x00007ffa932b0000 - 0x00007ffa93443000 	C:\WINDOWS\System32\gdi32full.dll
0x00007ffa93570000 - 0x00007ffa9360b000 	C:\WINDOWS\System32\msvcp_win.dll
0x00007ffa92ee0000 - 0x00007ffa92fd6000 	C:\WINDOWS\System32\ucrtbase.dll
0x00007ffa873b0000 - 0x00007ffa87619000 	C:\WINDOWS\WinSxS\amd64_microsoft.windows.common-controls_6595b64144ccf1df_6.0.16299.371_none_15c7d1789365a290\COMCTL32.dll
0x00007ffa961e0000 - 0x00007ffa964e8000 	C:\WINDOWS\System32\combase.dll
0x00007ffa934a0000 - 0x00007ffa93512000 	C:\WINDOWS\System32\bcryptPrimitives.dll
0x00007ffa96770000 - 0x00007ffa9679d000 	C:\WINDOWS\System32\IMM32.DLL
0x0000000065160000 - 0x0000000065232000 	C:\Program Files\Java\jre1.8.0_161\bin\msvcr100.dll
0x00000000654e0000 - 0x0000000065d7f000 	C:\Program Files\Java\jre1.8.0_161\bin\server\jvm.dll
0x00007ffa93450000 - 0x00007ffa93473000 	C:\WINDOWS\System32\WINMM.dll
0x00007ffa92e00000 - 0x00007ffa92e2a000 	C:\WINDOWS\System32\WINMMBASE.dll
0x00007ffa93520000 - 0x00007ffa9356a000 	C:\WINDOWS\System32\cfgmgr32.dll
0x00007ffa95ac0000 - 0x00007ffa95ac8000 	C:\WINDOWS\System32\PSAPI.DLL
0x00007ffa85a20000 - 0x00007ffa85a29000 	C:\WINDOWS\SYSTEM32\WSOCK32.dll
0x00007ffa96170000 - 0x00007ffa961dc000 	C:\WINDOWS\System32\WS2_32.dll
0x00007ffa8b9b0000 - 0x00007ffa8b9ba000 	C:\WINDOWS\SYSTEM32\VERSION.dll
0x0000000067300000 - 0x000000006730f000 	C:\Program Files\Java\jre1.8.0_161\bin\verify.dll
0x00000000660a0000 - 0x00000000660c9000 	C:\Program Files\Java\jre1.8.0_161\bin\java.dll
0x0000000065120000 - 0x0000000065155000 	C:\Program Files\Java\jre1.8.0_161\bin\jdwp.dll
0x0000000066070000 - 0x0000000066078000 	C:\Program Files\Java\jre1.8.0_161\bin\npt.dll
0x0000000066080000 - 0x0000000066096000 	C:\Program Files\Java\jre1.8.0_161\bin\zip.dll
0x00007ffa94410000 - 0x00007ffa95846000 	C:\WINDOWS\System32\SHELL32.dll
0x00007ffa966c0000 - 0x00007ffa96766000 	C:\WINDOWS\System32\shcore.dll
0x00007ffa93610000 - 0x00007ffa93d57000 	C:\WINDOWS\System32\windows.storage.dll
0x00007ffa964f0000 - 0x00007ffa96541000 	C:\WINDOWS\System32\shlwapi.dll
0x00007ffa92e50000 - 0x00007ffa92e61000 	C:\WINDOWS\System32\kernel.appcore.dll
0x00007ffa92e90000 - 0x00007ffa92edc000 	C:\WINDOWS\System32\powrprof.dll
0x00007ffa92e30000 - 0x00007ffa92e4b000 	C:\WINDOWS\System32\profapi.dll
0x0000000065dd0000 - 0x0000000065dd9000 	C:\Program Files\Java\jre1.8.0_161\bin\dt_socket.dll
0x00007ffa70d90000 - 0x00007ffa70da6000 	C:\WINDOWS\system32\napinsp.dll
0x00007ffa70c60000 - 0x00007ffa70c7a000 	C:\WINDOWS\system32\pnrpnsp.dll
0x00007ffa8ca60000 - 0x00007ffa8ca78000 	C:\WINDOWS\system32\NLAapi.dll
0x00007ffa92690000 - 0x00007ffa926f6000 	C:\WINDOWS\System32\mswsock.dll
0x00007ffa92460000 - 0x00007ffa92516000 	C:\WINDOWS\SYSTEM32\DNSAPI.dll
0x00007ffa942c0000 - 0x00007ffa942c8000 	C:\WINDOWS\System32\NSI.dll
0x00007ffa92420000 - 0x00007ffa92459000 	C:\WINDOWS\SYSTEM32\IPHLPAPI.DLL
0x00007ffa70c50000 - 0x00007ffa70c5e000 	C:\WINDOWS\System32\winrnr.dll
0x00007ffa8da80000 - 0x00007ffa8da95000 	C:\WINDOWS\System32\wshbth.dll
0x00000000679f0000 - 0x0000000067a16000 	C:\Program Files\Bonjour\mdnsNSP.dll
0x00007ffa85b80000 - 0x00007ffa85c94000 	C:\WINDOWS\SysWOW64\ierd_tgp_lsp64.dll
0x00007ffa967a0000 - 0x00007ffa968e9000 	C:\WINDOWS\System32\ole32.dll
0x00007ffa85ac0000 - 0x00007ffa85aca000 	C:\WINDOWS\system32\wshqos.dll
0x00007ffa85a10000 - 0x00007ffa85a18000 	C:\WINDOWS\SYSTEM32\wshtcpip.DLL
0x00007ffa858b0000 - 0x00007ffa858b8000 	C:\WINDOWS\SYSTEM32\wship6.dll
0x00007ffa87340000 - 0x00007ffa873b0000 	C:\WINDOWS\System32\fwpuclnt.dll
0x00007ffa92960000 - 0x00007ffa92985000 	C:\WINDOWS\SYSTEM32\bcrypt.dll
0x00007ffa8b390000 - 0x00007ffa8b39a000 	C:\Windows\System32\rasadhlp.dll
0x0000000064ca0000 - 0x0000000064e38000 	C:\Program Files\Java\jre1.8.0_161\bin\awt.dll
0x00007ffa941f0000 - 0x00007ffa942b5000 	C:\WINDOWS\System32\OLEAUT32.dll
0x00007ffa90960000 - 0x00007ffa909e8000 	C:\WINDOWS\SYSTEM32\apphelp.dll
0x00007ffa911c0000 - 0x00007ffa91255000 	C:\WINDOWS\system32\uxtheme.dll
0x00007ffa96550000 - 0x00007ffa966b7000 	C:\WINDOWS\System32\MSCTF.dll
0x00007ffa91590000 - 0x00007ffa915ba000 	C:\WINDOWS\system32\dwmapi.dll
0x00007ffa78870000 - 0x00007ffa7898e000 	C:\WINDOWS\system32\opengl32.dll
0x00007ffa7a030000 - 0x00007ffa7a05c000 	C:\WINDOWS\SYSTEM32\GLU32.dll
0x0000000064fe0000 - 0x0000000065027000 	C:\Program Files\Java\jre1.8.0_161\bin\fontmanager.dll
0x0000000065e30000 - 0x0000000065e4a000 	C:\Program Files\Java\jre1.8.0_161\bin\net.dll
0x0000000065e10000 - 0x0000000065e21000 	C:\Program Files\Java\jre1.8.0_161\bin\nio.dll
0x0000000064f90000 - 0x0000000064fd2000 	C:\Program Files\Java\jre1.8.0_161\bin\t2k.dll
0x00007ffa79d90000 - 0x00007ffa79e28000 	C:\WINDOWS\System32\TextInputFramework.dll
0x00007ffa8cef0000 - 0x00007ffa8d1de000 	C:\WINDOWS\System32\CoreUIComponents.dll
0x00007ffa90170000 - 0x00007ffa9024c000 	C:\WINDOWS\System32\CoreMessaging.dll
0x00007ffa91f30000 - 0x00007ffa91f61000 	C:\WINDOWS\SYSTEM32\ntmarta.dll
0x00007ffa8ecb0000 - 0x00007ffa8ede6000 	C:\WINDOWS\SYSTEM32\wintypes.dll
0x00007ffa95900000 - 0x00007ffa9599e000 	C:\WINDOWS\System32\clbcatq.dll
0x00007ffa8d330000 - 0x00007ffa8d4db000 	C:\WINDOWS\SYSTEM32\WindowsCodecs.dll
0x00007ffa749e0000 - 0x00007ffa74a2f000 	C:\WINDOWS\system32\dataexchange.dll
0x00007ffa90250000 - 0x00007ffa90392000 	C:\WINDOWS\system32\dcomp.dll
0x00007ffa8fe80000 - 0x00007ffa90162000 	C:\WINDOWS\system32\d3d11.dll
0x00007ffa93d70000 - 0x00007ffa93e1f000 	C:\WINDOWS\System32\dxgi.dll
0x00007ffa91290000 - 0x00007ffa9140b000 	C:\WINDOWS\system32\twinapi.appcore.dll
0x00007ffa91410000 - 0x00007ffa91430000 	C:\WINDOWS\system32\RMCLIENT.dll
0x00007ffa8dc80000 - 0x00007ffa8dd72000 	C:\WINDOWS\system32\msctfuimanager.dll
0x00007ffa6e410000 - 0x00007ffa6e5be000 	C:\WINDOWS\system32\DUI70.dll
0x00007ffa69880000 - 0x00007ffa69911000 	C:\WINDOWS\system32\DUser.dll
0x00007ffa769d0000 - 0x00007ffa76bd6000 	C:\WINDOWS\SYSTEM32\UIAutomationCore.dll
0x00007ffa92c60000 - 0x00007ffa92cfa000 	C:\WINDOWS\SYSTEM32\sxs.dll
0x00000000650e0000 - 0x000000006510a000 	C:\Program Files\Java\jre1.8.0_161\bin\dcpr.dll
0x00007ffa8bd20000 - 0x00007ffa8bd69000 	C:\WINDOWS\System32\UIAnimation.dll
0x00007ffa8b410000 - 0x00007ffa8b47e000 	C:\Windows\System32\oleacc.dll
0x00007ffa76510000 - 0x00007ffa76820000 	C:\WINDOWS\system32\dwrite.dll
0x00007ffa54020000 - 0x00007ffa5478c000 	C:\WINDOWS\SYSTEM32\D3D10Warp.dll
0x00007ffa92d00000 - 0x00007ffa92d29000 	C:\WINDOWS\SYSTEM32\USERENV.dll
0x00007ffa75b40000 - 0x00007ffa75bd3000 	C:\WINDOWS\system32\directmanipulation.dll
0x00007ffa8e9e0000 - 0x00007ffa8ea15000 	C:\WINDOWS\system32\xmllite.dll

VM Arguments:
jvm_args: -agentlib:jdwp=transport=dt_socket,suspend=y,address=localhost:61375 -Dfile.encoding=UTF-8 
java_command: com.SongJian.run.mainRun
java_class_path (initial): C:\Program Files\Java\jre1.8.0_161\lib\resources.jar;C:\Program Files\Java\jre1.8.0_161\lib\rt.jar;C:\Program Files\Java\jre1.8.0_161\lib\jsse.jar;C:\Program Files\Java\jre1.8.0_161\lib\jce.jar;C:\Program Files\Java\jre1.8.0_161\lib\charsets.jar;C:\Program Files\Java\jre1.8.0_161\lib\jfr.jar;C:\Program Files\Java\jre1.8.0_161\lib\ext\access-bridge-64.jar;C:\Program Files\Java\jre1.8.0_161\lib\ext\cldrdata.jar;C:\Program Files\Java\jre1.8.0_161\lib\ext\dnsns.jar;C:\Program Files\Java\jre1.8.0_161\lib\ext\jaccess.jar;C:\Program Files\Java\jre1.8.0_161\lib\ext\jfxrt.jar;C:\Program Files\Java\jre1.8.0_161\lib\ext\localedata.jar;C:\Program Files\Java\jre1.8.0_161\lib\ext\nashorn.jar;C:\Program Files\Java\jre1.8.0_161\lib\ext\sunec.jar;C:\Program Files\Java\jre1.8.0_161\lib\ext\sunjce_provider.jar;C:\Program Files\Java\jre1.8.0_161\lib\ext\sunmscapi.jar;C:\Program Files\Java\jre1.8.0_161\lib\ext\sunpkcs11.jar;C:\Program Files\Java\jre1.8.0_161\lib\ext\zipfs.jar;C:\eclipse-workspace\songjian_QGAdressBook\bin;C:\eclipse-workspace\songjian_QGAdressBook\lib\mysql-connector-java-5.1.46-bin.jar
Launcher Type: SUN_STANDARD

Environment Variables:
PATH=C:/Program Files/Java/jre1.8.0_161/bin/server;C:/Program Files/Java/jre1.8.0_161/bin;C:/Program Files/Java/jre1.8.0_161/lib/amd64;C:\ProgramData\Oracle\Java\javapath;C:\Program Files (x86)\Intel\iCLS Client\;C:\Program Files\Intel\iCLS Client\;C:\windows\system32;C:\windows;C:\windows\System32\Wbem;C:\windows\System32\WindowsPowerShell\v1.0\;C:\Program Files (x86)\Intel\Intel(R) Management Engine Components\DAL;C:\Program Files\Intel\Intel(R) Management Engine Components\DAL;C:\Program Files (x86)\Intel\Intel(R) Management Engine Components\IPT;C:\Program Files\Intel\Intel(R) Management Engine Components\IPT;C:\Program Files (x86)\NVIDIA Corporation\PhysX\Common;C:\WINDOWS\system32;C:\WINDOWS;C:\WINDOWS\System32\Wbem;C:\WINDOWS\System32\WindowsPowerShell\v1.0\;C:\Program Files\dotnet\;C:\Program Files\Git\cmd;C:\Program Files\Java\jdk1.8.0_161\bin;C:\Program Files (x86)\MySQL\MySQL Utilities 1.6\;C:\Users\JAIN\AppData\Local\Programs\Python\Python37\Scripts\;C:\Users\JAIN\AppData\Local\Programs\Python\Python37\;C:\Users\JAIN\Python37\Scripts\;C:\Users\JAIN\Python37\;"C:\Users\JAIN\AppData\Local\Microsoft\WindowsApps;";C:\Users\JAIN\Downloads\phantomjs-2\phantomjs-2.1.1-windows\bin;C:\Users\JAIN\AppData\Local\GitHubDesktop\bin;C:\Users\JAIN\Desktop;
USERNAME=JAIN
OS=Windows_NT
PROCESSOR_IDENTIFIER=Intel64 Family 6 Model 158 Stepping 9, GenuineIntel



---------------  S Y S T E M  ---------------

OS: Windows 10.0 , 64 bit Build 16299 (10.0.16299.15)

CPU:total 4 (initial active 4) (4 cores per cpu, 1 threads per core) family 6 model 158 stepping 9, cmov, cx8, fxsr, mmx, sse, sse2, sse3, ssse3, sse4.1, sse4.2, popcnt, avx, avx2, aes, clmul, erms, 3dnowpref, lzcnt, tsc, tscinvbit, bmi1, bmi2, adx

Memory: 4k page, physical 8253296k(2887612k free), swap 17936872k(3100k free)

vm_info: Java HotSpot(TM) 64-Bit Server VM (25.161-b12) for windows-amd64 JRE (1.8.0_161-b12), built on Dec 19 2017 17:52:25 by "java_re" with MS VC++ 10.0 (VS2010)

time: Sat Apr 28 01:50:34 2018
elapsed time: 4 seconds (0d 0h 0m 4s)

