#
# There is insufficient memory for the Java Runtime Environment to continue.
# Native memory allocation (malloc) failed to allocate 675936 bytes for Chunk::new
# Possible reasons:
#   The system is out of physical RAM or swap space
#   In 32 bit mode, the process size limit was hit
# Possible solutions:
#   Reduce memory load on the system
#   Increase physical memory or swap space
#   Check if swap backing store is full
#   Use 64 bit Java on a 64 bit OS
#   Decrease Java heap size (-Xmx/-Xms)
#   Decrease number of Java threads
#   Decrease Java thread stack sizes (-Xss)
#   Set larger code cache with -XX:ReservedCodeCacheSize=
# This output file may be truncated or incomplete.
#
#  Out of Memory Error (allocation.cpp:390), pid=21468, tid=0x00000000000051ac
#
# JRE version: Java(TM) SE Runtime Environment (8.0_161-b12) (build 1.8.0_161-b12)
# Java VM: Java HotSpot(TM) 64-Bit Server VM (25.161-b12 mixed mode windows-amd64 compressed oops)
# Failed to write core dump. Minidumps are not enabled by default on client versions of Windows
#

---------------  T H R E A D  ---------------

Current thread (0x0000000019c7e800):  JavaThread "C2 CompilerThread1" daemon [_thread_in_native, id=20908, stack(0x000000001ba00000,0x000000001bb00000)]

Stack: [0x000000001ba00000,0x000000001bb00000]
[error occurred during error reporting (printing stack bounds), id 0xc0000005]

Native frames: (J=compiled Java code, j=interpreted, Vv=VM code, C=native code)


Current CompileTask:
C2:   3759 1004       4       sun.awt.windows.WInputMethod$1::run (112 bytes)


---------------  P R O C E S S  ---------------

Java Threads: ( => current thread )
  0x000000001c69e800 JavaThread "TimerQueue" daemon [_thread_blocked, id=20776, stack(0x000000001f590000,0x000000001f690000)]
  0x0000000005032800 JavaThread "DestroyJavaVM" [_thread_blocked, id=19832, stack(0x0000000004ea0000,0x0000000004fa0000)]
  0x000000001bf84800 JavaThread "AWT-EventQueue-0" [_thread_in_native, id=21000, stack(0x000000001d340000,0x000000001d440000)]
  0x000000001bf0e800 JavaThread "AWT-Windows" daemon [_thread_in_native, id=21004, stack(0x000000001c8a0000,0x000000001c9a0000)]
  0x000000001bf0d800 JavaThread "AWT-Shutdown" [_thread_blocked, id=21016, stack(0x000000001c7a0000,0x000000001c8a0000)]
  0x000000001bf07000 JavaThread "Java2D Disposer" daemon [_thread_blocked, id=20992, stack(0x000000001c6a0000,0x000000001c7a0000)]
  0x000000001b058800 JavaThread "Service Thread" daemon [_thread_blocked, id=20012, stack(0x000000001bc00000,0x000000001bd00000)]
  0x000000001b04e800 JavaThread "C1 CompilerThread2" daemon [_thread_blocked, id=20900, stack(0x000000001bb00000,0x000000001bc00000)]
=>0x0000000019c7e800 JavaThread "C2 CompilerThread1" daemon [_thread_in_native, id=20908, stack(0x000000001ba00000,0x000000001bb00000)]
  0x0000000019c5f800 JavaThread "C2 CompilerThread0" daemon [_thread_in_native, id=18272, stack(0x000000001b900000,0x000000001ba00000)]
  0x0000000019c52000 JavaThread "JDWP Command Reader" daemon [_thread_in_native, id=20532, stack(0x000000001b800000,0x000000001b900000)]
  0x0000000019c51000 JavaThread "JDWP Event Helper Thread" daemon [_thread_blocked, id=20520, stack(0x000000001b700000,0x000000001b800000)]
  0x0000000019c44000 JavaThread "JDWP Transport Listener: dt_socket" daemon [_thread_blocked, id=20844, stack(0x000000001b5f0000,0x000000001b6f0000)]
  0x000000001b013000 JavaThread "Attach Listener" daemon [_thread_blocked, id=1564, stack(0x000000001b4d0000,0x000000001b5d0000)]
  0x000000001b012800 JavaThread "Signal Dispatcher" daemon [_thread_blocked, id=20516, stack(0x000000001b3d0000,0x000000001b4d0000)]
  0x000000000512d000 JavaThread "Finalizer" daemon [_thread_blocked, id=20024, stack(0x000000001ae70000,0x000000001af70000)]
  0x0000000005121000 JavaThread "Reference Handler" daemon [_thread_blocked, id=20612, stack(0x000000001ad70000,0x000000001ae70000)]

Other Threads:
  0x0000000019be8000 VMThread [stack: 0x000000001ac70000,0x000000001ad70000] [id=5844]
  0x000000001b06c000 WatcherThread [stack: 0x000000001bd00000,0x000000001be00000] [id=20944]

VM state:not at safepoint (normal execution)

VM Mutex/Monitor currently owned by a thread: None

Heap:
 PSYoungGen      total 37888K, used 6931K [0x00000000d6000000, 0x00000000d8a00000, 0x0000000100000000)
  eden space 32768K, 9% used [0x00000000d6000000,0x00000000d62f04e8,0x00000000d8000000)
  from space 5120K, 76% used [0x00000000d8000000,0x00000000d83d4980,0x00000000d8500000)
  to   space 5120K, 0% used [0x00000000d8500000,0x00000000d8500000,0x00000000d8a00000)
 ParOldGen       total 86016K, used 43K [0x0000000082000000, 0x0000000087400000, 0x00000000d6000000)
  object space 86016K, 0% used [0x0000000082000000,0x000000008200ac50,0x0000000087400000)
 Metaspace       used 10903K, capacity 11074K, committed 11136K, reserved 1058816K
  class space    used 1330K, capacity 1383K, committed 1408K, reserved 1048576K

Card table byte_map: [0x00000000144f0000,0x00000000148f0000] byte_map_base: 0x00000000140e0000

Marking Bits: (ParMarkBitMap*) 0x00000000648bf860
 Begin Bits: [0x0000000014f90000, 0x0000000016f10000)
 End Bits:   [0x0000000016f10000, 0x0000000018e90000)

Polling page: 0x00000000033f0000

CodeCache: size=245760Kb used=3877Kb max_used=3877Kb free=241882Kb
 bounds [0x0000000005130000, 0x0000000005500000, 0x0000000014130000]
 total_blobs=1488 nmethods=1014 adapters=395
 compilation: enabled

Compilation events (10 events):
Event: 3.696 Thread 0x000000001b04e800 nmethod 1011 0x00000000054ed950 code [0x00000000054edae0, 0x00000000054eddb8]
Event: 3.696 Thread 0x000000001b04e800 1012       3       sun.font.TrueTypeGlyphMapper::charToGlyph (54 bytes)
Event: 3.696 Thread 0x000000001b04e800 nmethod 1012 0x00000000054ed310 code [0x00000000054ed4a0, 0x00000000054ed7c8]
Event: 3.696 Thread 0x000000001b04e800 1013       3       sun.font.CMap::getControlCodeGlyph (105 bytes)
Event: 3.696 Thread 0x000000001b04e800 nmethod 1013 0x00000000054ecd50 code [0x00000000054ecec0, 0x00000000054ed290]
Event: 3.696 Thread 0x000000001b04e800 1014       3       sun.font.FontUtilities::isComplexCharCode (167 bytes)
Event: 3.697 Thread 0x000000001b04e800 nmethod 1014 0x00000000054f0550 code [0x00000000054f06e0, 0x00000000054f0d90]
Event: 3.697 Thread 0x000000001b04e800 1015       3       sun.font.FileFontStrike::getGlyphImagePtr (126 bytes)
Event: 3.698 Thread 0x000000001b04e800 nmethod 1015 0x00000000054f96d0 code [0x00000000054f9ae0, 0x00000000054fc1e8]
Event: 3.699 Thread 0x0000000019c5f800 1016       4       java.awt.EventQueue::dispatchEventImpl (149 bytes)

GC Heap History (2 events):
Event: 3.590 GC heap before
{Heap before GC invocations=1 (full 0):
 PSYoungGen      total 37888K, used 32768K [0x00000000d6000000, 0x00000000d8a00000, 0x0000000100000000)
  eden space 32768K, 100% used [0x00000000d6000000,0x00000000d8000000,0x00000000d8000000)
  from space 5120K, 0% used [0x00000000d8500000,0x00000000d8500000,0x00000000d8a00000)
  to   space 5120K, 0% used [0x00000000d8000000,0x00000000d8000000,0x00000000d8500000)
 ParOldGen       total 86016K, used 0K [0x0000000082000000, 0x0000000087400000, 0x00000000d6000000)
  object space 86016K, 0% used [0x0000000082000000,0x0000000082000000,0x0000000087400000)
 Metaspace       used 10829K, capacity 11010K, committed 11136K, reserved 1058816K
  class space    used 1323K, capacity 1383K, committed 1408K, reserved 1048576K
Event: 3.594 GC heap after
Heap after GC invocations=1 (full 0):
 PSYoungGen      total 37888K, used 3922K [0x00000000d6000000, 0x00000000d8a00000, 0x0000000100000000)
  eden space 32768K, 0% used [0x00000000d6000000,0x00000000d6000000,0x00000000d8000000)
  from space 5120K, 76% used [0x00000000d8000000,0x00000000d83d4980,0x00000000d8500000)
  to   space 5120K, 0% used [0x00000000d8500000,0x00000000d8500000,0x00000000d8a00000)
 ParOldGen       total 86016K, used 43K [0x0000000082000000, 0x0000000087400000, 0x00000000d6000000)
  object space 86016K, 0% used [0x0000000082000000,0x000000008200ac50,0x0000000087400000)
 Metaspace       used 10829K, capacity 11010K, committed 11136K, reserved 1058816K
  class space    used 1323K, capacity 1383K, committed 1408K, reserved 1048576K
}

Deoptimization events (10 events):
Event: 3.685 Thread 0x000000001bf84800 Uncommon trap: reason=unstable_if action=reinterpret pc=0x0000000005477db0 method=sun.font.FontDesignMetrics.charsWidth([CII)I @ 113
Event: 3.687 Thread 0x000000001bf84800 Uncommon trap: reason=class_check action=maybe_recompile pc=0x000000000524a8d0 method=java.lang.String.equals(Ljava/lang/Object;)Z @ 8
Event: 3.687 Thread 0x000000001bf84800 Uncommon trap: reason=class_check action=maybe_recompile pc=0x000000000524a8d0 method=java.lang.String.equals(Ljava/lang/Object;)Z @ 8
Event: 3.687 Thread 0x000000001bf84800 Uncommon trap: reason=class_check action=maybe_recompile pc=0x000000000524a8d0 method=java.lang.String.equals(Ljava/lang/Object;)Z @ 8
Event: 3.687 Thread 0x000000001bf84800 Uncommon trap: reason=class_check action=maybe_recompile pc=0x000000000524a8d0 method=java.lang.String.equals(Ljava/lang/Object;)Z @ 8
Event: 3.688 Thread 0x000000001bf84800 Uncommon trap: reason=class_check action=maybe_recompile pc=0x000000000549e124 method=javax.swing.text.JTextComponent.getCaretPosition()I @ 4
Event: 3.689 Thread 0x000000001bf84800 Uncommon trap: reason=class_check action=maybe_recompile pc=0x000000000549e124 method=javax.swing.text.JTextComponent.getCaretPosition()I @ 4
Event: 3.689 Thread 0x000000001bf84800 Uncommon trap: reason=class_check action=maybe_recompile pc=0x000000000549e124 method=javax.swing.text.JTextComponent.getCaretPosition()I @ 4
Event: 3.689 Thread 0x000000001bf84800 Uncommon trap: reason=class_check action=maybe_recompile pc=0x000000000549e124 method=javax.swing.text.JTextComponent.getCaretPosition()I @ 4
Event: 3.689 Thread 0x000000001bf84800 Uncommon trap: reason=class_check action=maybe_recompile pc=0x00000000054c23ec method=javax.swing.text.JTextComponent.getCaretPosition()I @ 4

Classes redefined (0 events):
No events

Internal exceptions (10 events):
Event: 0.452 Thread 0x0000000005032800 Exception <a 'java/io/FileNotFoundException'> (0x00000000d6124018) thrown at [C:\re\workspace\8-2-build-windows-amd64-cygwin\jdk8u161\10277\hotspot\src\share\vm\prims\jni.cpp, line 709]
Event: 0.499 Thread 0x0000000005032800 Exception <a 'java/lang/NoSuchFieldError': method resolution failed> (0x00000000d633c410) thrown at [C:\re\workspace\8-2-build-windows-amd64-cygwin\jdk8u161\10277\hotspot\src\share\vm\prims\methodHandles.cpp, line 1167]
Event: 0.506 Thread 0x0000000005032800 Exception <a 'java/lang/NoSuchFieldError': method resolution failed> (0x00000000d63497e0) thrown at [C:\re\workspace\8-2-build-windows-amd64-cygwin\jdk8u161\10277\hotspot\src\share\vm\prims\methodHandles.cpp, line 1167]
Event: 0.587 Thread 0x0000000005032800 Exception <a 'java/io/FileNotFoundException'> (0x00000000d64306f8) thrown at [C:\re\workspace\8-2-build-windows-amd64-cygwin\jdk8u161\10277\hotspot\src\share\vm\prims\jni.cpp, line 709]
Event: 0.684 Thread 0x0000000005032800 Exception <a 'java/io/FileNotFoundException'> (0x00000000d6568b48) thrown at [C:\re\workspace\8-2-build-windows-amd64-cygwin\jdk8u161\10277\hotspot\src\share\vm\prims\jni.cpp, line 709]
Event: 0.684 Thread 0x0000000005032800 Exception <a 'java/lang/NullPointerException'> (0x00000000d6569180) thrown at [C:\re\workspace\8-2-build-windows-amd64-cygwin\jdk8u161\10277\hotspot\src\share\vm\interpreter\linkResolver.cpp, line 1185]
Event: 0.783 Thread 0x000000001bf84800 Exception <a 'java/io/FileNotFoundException'> (0x00000000d664b9e0) thrown at [C:\re\workspace\8-2-build-windows-amd64-cygwin\jdk8u161\10277\hotspot\src\share\vm\prims\jni.cpp, line 709]
Event: 0.795 Thread 0x000000001bf84800 Exception <a 'java/io/FileNotFoundException'> (0x00000000d67cdf90) thrown at [C:\re\workspace\8-2-build-windows-amd64-cygwin\jdk8u161\10277\hotspot\src\share\vm\prims\jni.cpp, line 709]
Event: 1.569 Thread 0x000000001bf84800 Implicit null exception at 0x000000000539edc0 to 0x000000000539eeb1
Event: 1.854 Thread 0x000000001bf84800 Implicit null exception at 0x0000000005464948 to 0x00000000054649e1

Events (10 events):
Event: 3.689 Thread 0x000000001bf84800 DEOPT UNPACKING pc=0x000000000517583b sp=0x000000001d43d948 mode 2
Event: 3.689 Thread 0x000000001bf84800 Uncommon trap: trap_request=0xffffffde fr.pc=0x000000000549e124
Event: 3.689 Thread 0x000000001bf84800 DEOPT PACKING pc=0x000000000549e124 sp=0x000000001d43daa0
Event: 3.689 Thread 0x000000001bf84800 DEOPT UNPACKING pc=0x000000000517583b sp=0x000000001d43d948 mode 2
Event: 3.689 Thread 0x000000001bf84800 Uncommon trap: trap_request=0xffffffde fr.pc=0x000000000549e124
Event: 3.689 Thread 0x000000001bf84800 DEOPT PACKING pc=0x000000000549e124 sp=0x000000001d43daa0
Event: 3.689 Thread 0x000000001bf84800 DEOPT UNPACKING pc=0x000000000517583b sp=0x000000001d43d948 mode 2
Event: 3.689 Thread 0x000000001bf84800 Uncommon trap: trap_request=0xffffffde fr.pc=0x00000000054c23ec
Event: 3.689 Thread 0x000000001bf84800 DEOPT PACKING pc=0x00000000054c23ec sp=0x000000001d43d980
Event: 3.689 Thread 0x000000001bf84800 DEOPT UNPACKING pc=0x000000000517583b sp=0x000000001d43d948 mode 2


Dynamic libraries:
0x00007ff6ad470000 - 0x00007ff6ad4a7000 	C:\Program Files\Java\jre1.8.0_161\bin\javaw.exe
0x00007ffd054e0000 - 0x00007ffd056c0000 	C:\WINDOWS\SYSTEM32\ntdll.dll
0x00007ffd034c0000 - 0x00007ffd0356e000 	C:\WINDOWS\System32\KERNEL32.DLL
0x00007ffd02590000 - 0x00007ffd027f6000 	C:\WINDOWS\System32\KERNELBASE.dll
0x00007ffd03cf0000 - 0x00007ffd03d91000 	C:\WINDOWS\System32\ADVAPI32.dll
0x00007ffd03da0000 - 0x00007ffd03e3d000 	C:\WINDOWS\System32\msvcrt.dll
0x00007ffd03760000 - 0x00007ffd037bb000 	C:\WINDOWS\System32\sechost.dll
0x00007ffd03640000 - 0x00007ffd0375f000 	C:\WINDOWS\System32\RPCRT4.dll
0x00007ffd05300000 - 0x00007ffd0548f000 	C:\WINDOWS\System32\USER32.dll
0x00007ffd01620000 - 0x00007ffd01640000 	C:\WINDOWS\System32\win32u.dll
0x00007ffd02880000 - 0x00007ffd028a8000 	C:\WINDOWS\System32\GDI32.dll
0x00007ffd01f00000 - 0x00007ffd02093000 	C:\WINDOWS\System32\gdi32full.dll
0x00007ffd02170000 - 0x00007ffd0220b000 	C:\WINDOWS\System32\msvcp_win.dll
0x00007ffd02490000 - 0x00007ffd02586000 	C:\WINDOWS\System32\ucrtbase.dll
0x00007ffcf60a0000 - 0x00007ffcf6309000 	C:\WINDOWS\WinSxS\amd64_microsoft.windows.common-controls_6595b64144ccf1df_6.0.16299.371_none_15c7d1789365a290\COMCTL32.dll
0x00007ffd037c0000 - 0x00007ffd03ac8000 	C:\WINDOWS\System32\combase.dll
0x00007ffd020a0000 - 0x00007ffd02112000 	C:\WINDOWS\System32\bcryptPrimitives.dll
0x00007ffd03600000 - 0x00007ffd0362d000 	C:\WINDOWS\System32\IMM32.DLL
0x0000000063f40000 - 0x0000000064012000 	C:\Program Files\Java\jre1.8.0_161\bin\msvcr100.dll
0x00000000640a0000 - 0x000000006493f000 	C:\Program Files\Java\jre1.8.0_161\bin\server\jvm.dll
0x00007ffd015f0000 - 0x00007ffd01613000 	C:\WINDOWS\System32\WINMM.dll
0x00007ffd015a0000 - 0x00007ffd015ca000 	C:\WINDOWS\System32\WINMMBASE.dll
0x00007ffd02120000 - 0x00007ffd0216a000 	C:\WINDOWS\System32\cfgmgr32.dll
0x00007ffd03630000 - 0x00007ffd03638000 	C:\WINDOWS\System32\PSAPI.DLL
0x00007ffcf9a20000 - 0x00007ffcf9a2a000 	C:\WINDOWS\SYSTEM32\VERSION.dll
0x00007ffcf1000000 - 0x00007ffcf1009000 	C:\WINDOWS\SYSTEM32\WSOCK32.dll
0x00007ffd03c80000 - 0x00007ffd03cec000 	C:\WINDOWS\System32\WS2_32.dll
0x0000000064da0000 - 0x0000000064daf000 	C:\Program Files\Java\jre1.8.0_161\bin\verify.dll
0x0000000064b50000 - 0x0000000064b79000 	C:\Program Files\Java\jre1.8.0_161\bin\java.dll
0x0000000063f00000 - 0x0000000063f35000 	C:\Program Files\Java\jre1.8.0_161\bin\jdwp.dll
0x0000000063ef0000 - 0x0000000063ef8000 	C:\Program Files\Java\jre1.8.0_161\bin\npt.dll
0x0000000064b30000 - 0x0000000064b46000 	C:\Program Files\Java\jre1.8.0_161\bin\zip.dll
0x00007ffd03ea0000 - 0x00007ffd052d6000 	C:\WINDOWS\System32\SHELL32.dll
0x00007ffd030a0000 - 0x00007ffd03146000 	C:\WINDOWS\System32\shcore.dll
0x00007ffd016b0000 - 0x00007ffd01df7000 	C:\WINDOWS\System32\windows.storage.dll
0x00007ffd03e40000 - 0x00007ffd03e91000 	C:\WINDOWS\System32\shlwapi.dll
0x00007ffd015d0000 - 0x00007ffd015e1000 	C:\WINDOWS\System32\kernel.appcore.dll
0x00007ffd01e00000 - 0x00007ffd01e4c000 	C:\WINDOWS\System32\powrprof.dll
0x00007ffd01560000 - 0x00007ffd0157b000 	C:\WINDOWS\System32\profapi.dll
0x0000000063ee0000 - 0x0000000063ee9000 	C:\Program Files\Java\jre1.8.0_161\bin\dt_socket.dll
0x00007ffcdf820000 - 0x00007ffcdf836000 	C:\WINDOWS\system32\napinsp.dll
0x00007ffcdf800000 - 0x00007ffcdf81a000 	C:\WINDOWS\system32\pnrpnsp.dll
0x00007ffcfeba0000 - 0x00007ffcfebb8000 	C:\WINDOWS\system32\NLAapi.dll
0x00007ffd00df0000 - 0x00007ffd00e56000 	C:\WINDOWS\System32\mswsock.dll
0x00007ffd00bc0000 - 0x00007ffd00c76000 	C:\WINDOWS\SYSTEM32\DNSAPI.dll
0x00007ffd03150000 - 0x00007ffd03158000 	C:\WINDOWS\System32\NSI.dll
0x00007ffd00b80000 - 0x00007ffd00bb9000 	C:\WINDOWS\SYSTEM32\IPHLPAPI.DLL
0x00007ffcdf7b0000 - 0x00007ffcdf7be000 	C:\WINDOWS\System32\winrnr.dll
0x00007ffcfbc50000 - 0x00007ffcfbc65000 	C:\WINDOWS\System32\wshbth.dll
0x0000000066640000 - 0x0000000066666000 	C:\Program Files\Bonjour\mdnsNSP.dll
0x00007ffcf3800000 - 0x00007ffcf3914000 	C:\WINDOWS\SysWOW64\ierd_tgp_lsp64.dll
0x00007ffd03ad0000 - 0x00007ffd03c19000 	C:\WINDOWS\System32\ole32.dll
0x00007ffcf3740000 - 0x00007ffcf374a000 	C:\WINDOWS\system32\wshqos.dll
0x00007ffcf3730000 - 0x00007ffcf3738000 	C:\WINDOWS\SYSTEM32\wshtcpip.DLL
0x00007ffcf3720000 - 0x00007ffcf3728000 	C:\WINDOWS\SYSTEM32\wship6.dll
0x00007ffcf51b0000 - 0x00007ffcf5220000 	C:\WINDOWS\System32\fwpuclnt.dll
0x00007ffd010c0000 - 0x00007ffd010e5000 	C:\WINDOWS\SYSTEM32\bcrypt.dll
0x00007ffcf4f00000 - 0x00007ffcf4f0a000 	C:\Windows\System32\rasadhlp.dll
0x0000000063d40000 - 0x0000000063ed8000 	C:\Program Files\Java\jre1.8.0_161\bin\awt.dll
0x00007ffd03160000 - 0x00007ffd03225000 	C:\WINDOWS\System32\OLEAUT32.dll
0x00007ffcfebc0000 - 0x00007ffcfec48000 	C:\WINDOWS\SYSTEM32\apphelp.dll
0x00007ffcff0a0000 - 0x00007ffcff135000 	C:\WINDOWS\system32\uxtheme.dll
0x00007ffd03350000 - 0x00007ffd034b7000 	C:\WINDOWS\System32\MSCTF.dll
0x00007ffcffae0000 - 0x00007ffcffb0a000 	C:\WINDOWS\system32\dwmapi.dll
0x00007ffcea1d0000 - 0x00007ffcea2ee000 	C:\WINDOWS\system32\opengl32.dll
0x00007ffceac60000 - 0x00007ffceac8c000 	C:\WINDOWS\SYSTEM32\GLU32.dll
0x0000000063cf0000 - 0x0000000063d37000 	C:\Program Files\Java\jre1.8.0_161\bin\fontmanager.dll
0x00007ffd028b0000 - 0x00007ffd0294e000 	C:\WINDOWS\System32\clbcatq.dll
0x00007ffcfa3c0000 - 0x00007ffcfa56b000 	C:\WINDOWS\SYSTEM32\WindowsCodecs.dll
0x00007ffce4fa0000 - 0x00007ffce4fef000 	C:\WINDOWS\system32\dataexchange.dll
0x00007ffcfe5f0000 - 0x00007ffcfe732000 	C:\WINDOWS\system32\dcomp.dll
0x00007ffcfd700000 - 0x00007ffcfd9e2000 	C:\WINDOWS\system32\d3d11.dll
0x00007ffd023e0000 - 0x00007ffd0248f000 	C:\WINDOWS\System32\dxgi.dll
0x00007ffcffc60000 - 0x00007ffcffddb000 	C:\WINDOWS\system32\twinapi.appcore.dll
0x00007ffcffb10000 - 0x00007ffcffb30000 	C:\WINDOWS\system32\RMCLIENT.dll
0x00007ffce9600000 - 0x00007ffce9698000 	C:\WINDOWS\System32\TextInputFramework.dll
0x00007ffcf9e40000 - 0x00007ffcfa12e000 	C:\WINDOWS\System32\CoreUIComponents.dll
0x00007ffcfde80000 - 0x00007ffcfdf5c000 	C:\WINDOWS\System32\CoreMessaging.dll
0x00007ffcfd280000 - 0x00007ffcfd3b6000 	C:\WINDOWS\SYSTEM32\wintypes.dll
0x00007ffd00690000 - 0x00007ffd006c1000 	C:\WINDOWS\SYSTEM32\ntmarta.dll
0x0000000064080000 - 0x000000006409a000 	C:\Program Files\Java\jre1.8.0_161\bin\net.dll
0x0000000064060000 - 0x0000000064071000 	C:\Program Files\Java\jre1.8.0_161\bin\nio.dll
0x0000000063ca0000 - 0x0000000063ce2000 	C:\Program Files\Java\jre1.8.0_161\bin\t2k.dll
0x00007ffce1520000 - 0x00007ffce1612000 	C:\WINDOWS\system32\msctfuimanager.dll
0x00007ffcd8eb0000 - 0x00007ffcd905e000 	C:\WINDOWS\system32\DUI70.dll
0x00007ffcd8a10000 - 0x00007ffcd8aa1000 	C:\WINDOWS\system32\DUser.dll
0x0000000063c70000 - 0x0000000063c9a000 	C:\Program Files\Java\jre1.8.0_161\bin\dcpr.dll
0x00007ffce6450000 - 0x00007ffce6656000 	C:\WINDOWS\SYSTEM32\UIAutomationCore.dll
0x00007ffd013c0000 - 0x00007ffd0145a000 	C:\WINDOWS\SYSTEM32\sxs.dll
0x00007ffcf9130000 - 0x00007ffcf9179000 	C:\WINDOWS\System32\UIAnimation.dll
0x00007ffcf8de0000 - 0x00007ffcf8e4e000 	C:\Windows\System32\oleacc.dll
0x00007ffce4700000 - 0x00007ffce4a10000 	C:\WINDOWS\system32\dwrite.dll
0x00007ffce0920000 - 0x00007ffce108c000 	C:\WINDOWS\SYSTEM32\D3D10Warp.dll
0x00007ffd01490000 - 0x00007ffd014b9000 	C:\WINDOWS\SYSTEM32\USERENV.dll
0x00007ffce3eb0000 - 0x00007ffce3f43000 	C:\WINDOWS\system32\directmanipulation.dll
0x00007ffcfc2d0000 - 0x00007ffcfc305000 	C:\WINDOWS\system32\xmllite.dll

VM Arguments:
jvm_args: -agentlib:jdwp=transport=dt_socket,suspend=y,address=localhost:57831 -Dfile.encoding=UTF-8 
java_command: com.SongJian.run.mainRun
java_class_path (initial): C:\Program Files\Java\jre1.8.0_161\lib\resources.jar;C:\Program Files\Java\jre1.8.0_161\lib\rt.jar;C:\Program Files\Java\jre1.8.0_161\lib\jsse.jar;C:\Program Files\Java\jre1.8.0_161\lib\jce.jar;C:\Program Files\Java\jre1.8.0_161\lib\charsets.jar;C:\Program Files\Java\jre1.8.0_161\lib\jfr.jar;C:\Program Files\Java\jre1.8.0_161\lib\ext\access-bridge-64.jar;C:\Program Files\Java\jre1.8.0_161\lib\ext\cldrdata.jar;C:\Program Files\Java\jre1.8.0_161\lib\ext\dnsns.jar;C:\Program Files\Java\jre1.8.0_161\lib\ext\jaccess.jar;C:\Program Files\Java\jre1.8.0_161\lib\ext\jfxrt.jar;C:\Program Files\Java\jre1.8.0_161\lib\ext\localedata.jar;C:\Program Files\Java\jre1.8.0_161\lib\ext\nashorn.jar;C:\Program Files\Java\jre1.8.0_161\lib\ext\sunec.jar;C:\Program Files\Java\jre1.8.0_161\lib\ext\sunjce_provider.jar;C:\Program Files\Java\jre1.8.0_161\lib\ext\sunmscapi.jar;C:\Program Files\Java\jre1.8.0_161\lib\ext\sunpkcs11.jar;C:\Program Files\Java\jre1.8.0_161\lib\ext\zipfs.jar;C:\eclipse-workspace\songjian_QGAdressBook\bin;C:\eclipse-workspace\songjian_QGAdressBook\lib\mysql-connector-java-5.1.46-bin.jar
Launcher Type: SUN_STANDARD

Environment Variables:
PATH=C:/Program Files/Java/jre1.8.0_161/bin/server;C:/Program Files/Java/jre1.8.0_161/bin;C:/Program Files/Java/jre1.8.0_161/lib/amd64;C:\ProgramData\Oracle\Java\javapath;C:\Program Files (x86)\Intel\iCLS Client\;C:\Program Files\Intel\iCLS Client\;C:\windows\system32;C:\windows;C:\windows\System32\Wbem;C:\windows\System32\WindowsPowerShell\v1.0\;C:\Program Files (x86)\Intel\Intel(R) Management Engine Components\DAL;C:\Program Files\Intel\Intel(R) Management Engine Components\DAL;C:\Program Files (x86)\Intel\Intel(R) Management Engine Components\IPT;C:\Program Files\Intel\Intel(R) Management Engine Components\IPT;C:\Program Files (x86)\NVIDIA Corporation\PhysX\Common;C:\WINDOWS\system32;C:\WINDOWS;C:\WINDOWS\System32\Wbem;C:\WINDOWS\System32\WindowsPowerShell\v1.0\;C:\Program Files\dotnet\;C:\Program Files\Git\cmd;C:\Program Files\Java\jdk1.8.0_161\bin;C:\Program Files (x86)\MySQL\MySQL Utilities 1.6\;C:\Users\JAIN\AppData\Local\Programs\Python\Python37\Scripts\;C:\Users\JAIN\AppData\Local\Programs\Python\Python37\;C:\Users\JAIN\Python37\Scripts\;C:\Users\JAIN\Python37\;"C:\Users\JAIN\AppData\Local\Microsoft\WindowsApps;";C:\Users\JAIN\Downloads\phantomjs-2\phantomjs-2.1.1-windows\bin;C:\Users\JAIN\AppData\Local\GitHubDesktop\bin;C:\Users\JAIN\Desktop;
USERNAME=JAIN
OS=Windows_NT
PROCESSOR_IDENTIFIER=Intel64 Family 6 Model 158 Stepping 9, GenuineIntel



---------------  S Y S T E M  ---------------

OS: Windows 10.0 , 64 bit Build 16299 (10.0.16299.15)

CPU:total 4 (initial active 4) (4 cores per cpu, 1 threads per core) family 6 model 158 stepping 9, cmov, cx8, fxsr, mmx, sse, sse2, sse3, ssse3, sse4.1, sse4.2, popcnt, avx, avx2, aes, clmul, erms, 3dnowpref, lzcnt, tsc, tscinvbit, bmi1, bmi2, adx

Memory: 4k page, physical 8253296k(2845472k free), swap 18077600k(2024k free)

vm_info: Java HotSpot(TM) 64-Bit Server VM (25.161-b12) for windows-amd64 JRE (1.8.0_161-b12), built on Dec 19 2017 17:52:25 by "java_re" with MS VC++ 10.0 (VS2010)

time: Thu Apr 26 20:43:55 2018
elapsed time: 3 seconds (0d 0h 0m 3s)

